<?xml version="1.0" encoding="UTF-8"?>
<robot generator="Robot 3.0 (Jython 2.7.0 on java1.8.0_101)" generated="20160920 13:01:37.382">
<suite source="/home/jddm11/workspace/tallerprogra-g2-2016/test/client_test_cases.rst" name="Client Test Cases" id="s1">
<test name="Creating user with invalid firstname should fail" id="s1-t1">
<kw name="Invalid firstname">
<arguments>
<arg>jhonsnowrickrobotclarkkenthor</arg>
<arg>${FIRSTNAME TOO LONG}</arg>
</arguments>
<kw library="BuiltIn" name="Run Keyword And Expect Error">
<doc>Runs the keyword and checks that the expected error occurred.</doc>
<arguments>
<arg>*</arg>
<arg>create</arg>
<arg>12345678</arg>
<arg>${firstname}</arg>
<arg>hawking</arg>
<arg>nowhere</arg>
</arguments>
<assign>
<var>${message}</var>
</assign>
<kw library="bo.edu.ucbcba.videoclub.controller.ClientController" name="Create">
<arguments>
<arg>12345678</arg>
<arg>${firstname}</arg>
<arg>hawking</arg>
<arg>nowhere</arg>
</arguments>
<msg level="FAIL" timestamp="20160920 13:01:37.679">ValidationException: Validation error: First Name is too long, must have less than 25 characters</msg>
<status endtime="20160920 13:01:37.680" starttime="20160920 13:01:37.659" status="FAIL"></status>
</kw>
<msg level="INFO" timestamp="20160920 13:01:37.686">${message} = ValidationException: Validation error: First Name is too long, must have less than 25 characters</msg>
<status endtime="20160920 13:01:37.687" starttime="20160920 13:01:37.653" status="PASS"></status>
</kw>
<kw library="BuiltIn" name="Log">
<doc>Logs the given message with the given level.</doc>
<arguments>
<arg>${message}</arg>
</arguments>
<msg level="INFO" timestamp="20160920 13:01:37.691">ValidationException: Validation error: First Name is too long, must have less than 25 characters</msg>
<status endtime="20160920 13:01:37.692" starttime="20160920 13:01:37.688" status="PASS"></status>
</kw>
<kw library="BuiltIn" name="Should Be Equal">
<doc>Fails if the given objects are unequal.</doc>
<arguments>
<arg>${message}</arg>
<arg>ValidationException: Validation error: ${error}</arg>
</arguments>
<status endtime="20160920 13:01:37.697" starttime="20160920 13:01:37.693" status="PASS"></status>
</kw>
<status endtime="20160920 13:01:37.698" starttime="20160920 13:01:37.648" status="PASS"></status>
</kw>
<kw name="Invalid firstname">
<arguments>
<arg>k</arg>
<arg>${FIRSTNAME TOO SHORT}</arg>
</arguments>
<kw library="BuiltIn" name="Run Keyword And Expect Error">
<doc>Runs the keyword and checks that the expected error occurred.</doc>
<arguments>
<arg>*</arg>
<arg>create</arg>
<arg>12345678</arg>
<arg>${firstname}</arg>
<arg>hawking</arg>
<arg>nowhere</arg>
</arguments>
<assign>
<var>${message}</var>
</assign>
<kw library="bo.edu.ucbcba.videoclub.controller.ClientController" name="Create">
<arguments>
<arg>12345678</arg>
<arg>${firstname}</arg>
<arg>hawking</arg>
<arg>nowhere</arg>
</arguments>
<msg level="FAIL" timestamp="20160920 13:01:37.723">ValidationException: Validation error: First Name is too short, must have more than 2 characters</msg>
<status endtime="20160920 13:01:37.724" starttime="20160920 13:01:37.707" status="FAIL"></status>
</kw>
<msg level="INFO" timestamp="20160920 13:01:37.725">${message} = ValidationException: Validation error: First Name is too short, must have more than 2 characters</msg>
<status endtime="20160920 13:01:37.726" starttime="20160920 13:01:37.703" status="PASS"></status>
</kw>
<kw library="BuiltIn" name="Log">
<doc>Logs the given message with the given level.</doc>
<arguments>
<arg>${message}</arg>
</arguments>
<msg level="INFO" timestamp="20160920 13:01:37.731">ValidationException: Validation error: First Name is too short, must have more than 2 characters</msg>
<status endtime="20160920 13:01:37.732" starttime="20160920 13:01:37.728" status="PASS"></status>
</kw>
<kw library="BuiltIn" name="Should Be Equal">
<doc>Fails if the given objects are unequal.</doc>
<arguments>
<arg>${message}</arg>
<arg>ValidationException: Validation error: ${error}</arg>
</arguments>
<status endtime="20160920 13:01:37.767" starttime="20160920 13:01:37.733" status="PASS"></status>
</kw>
<status endtime="20160920 13:01:37.769" starttime="20160920 13:01:37.700" status="PASS"></status>
</kw>
<status critical="yes" endtime="20160920 13:01:37.776" starttime="20160920 13:01:37.643" status="PASS"></status>
</test>
<test name="Creating user with invalid lastname should fail" id="s1-t2">
<kw name="Invalid lastname">
<arguments>
<arg>hawkingsnowrickrobotclarkkenthor</arg>
<arg>${LASTNAME TOO LONG}</arg>
</arguments>
<kw library="BuiltIn" name="Run Keyword And Expect Error">
<doc>Runs the keyword and checks that the expected error occurred.</doc>
<arguments>
<arg>*</arg>
<arg>create</arg>
<arg>12345678</arg>
<arg>jhon_doe</arg>
<arg>${lastname}</arg>
<arg>nowhere</arg>
</arguments>
<assign>
<var>${message}</var>
</assign>
<kw library="bo.edu.ucbcba.videoclub.controller.ClientController" name="Create">
<arguments>
<arg>12345678</arg>
<arg>jhon_doe</arg>
<arg>${lastname}</arg>
<arg>nowhere</arg>
</arguments>
<msg level="FAIL" timestamp="20160920 13:01:37.807">ValidationException: Validation error: Last Name is too long, must have less than 25 characters</msg>
<status endtime="20160920 13:01:37.809" starttime="20160920 13:01:37.791" status="FAIL"></status>
</kw>
<msg level="INFO" timestamp="20160920 13:01:37.810">${message} = ValidationException: Validation error: Last Name is too long, must have less than 25 characters</msg>
<status endtime="20160920 13:01:37.810" starttime="20160920 13:01:37.786" status="PASS"></status>
</kw>
<kw library="BuiltIn" name="Log">
<doc>Logs the given message with the given level.</doc>
<arguments>
<arg>${message}</arg>
</arguments>
<msg level="INFO" timestamp="20160920 13:01:37.814">ValidationException: Validation error: Last Name is too long, must have less than 25 characters</msg>
<status endtime="20160920 13:01:37.815" starttime="20160920 13:01:37.811" status="PASS"></status>
</kw>
<kw library="BuiltIn" name="Should Be Equal">
<doc>Fails if the given objects are unequal.</doc>
<arguments>
<arg>${message}</arg>
<arg>ValidationException: Validation error: ${error}</arg>
</arguments>
<status endtime="20160920 13:01:37.820" starttime="20160920 13:01:37.816" status="PASS"></status>
</kw>
<status endtime="20160920 13:01:37.821" starttime="20160920 13:01:37.782" status="PASS"></status>
</kw>
<kw name="Invalid lastname">
<arguments>
<arg>D</arg>
<arg>${LASTNAME TOO SHORT}</arg>
</arguments>
<kw library="BuiltIn" name="Run Keyword And Expect Error">
<doc>Runs the keyword and checks that the expected error occurred.</doc>
<arguments>
<arg>*</arg>
<arg>create</arg>
<arg>12345678</arg>
<arg>jhon_doe</arg>
<arg>${lastname}</arg>
<arg>nowhere</arg>
</arguments>
<assign>
<var>${message}</var>
</assign>
<kw library="bo.edu.ucbcba.videoclub.controller.ClientController" name="Create">
<arguments>
<arg>12345678</arg>
<arg>jhon_doe</arg>
<arg>${lastname}</arg>
<arg>nowhere</arg>
</arguments>
<msg level="FAIL" timestamp="20160920 13:01:37.843">ValidationException: Validation error: Last Name is too short, must have more than 2 characters</msg>
<status endtime="20160920 13:01:37.845" starttime="20160920 13:01:37.830" status="FAIL"></status>
</kw>
<msg level="INFO" timestamp="20160920 13:01:37.846">${message} = ValidationException: Validation error: Last Name is too short, must have more than 2 characters</msg>
<status endtime="20160920 13:01:37.847" starttime="20160920 13:01:37.825" status="PASS"></status>
</kw>
<kw library="BuiltIn" name="Log">
<doc>Logs the given message with the given level.</doc>
<arguments>
<arg>${message}</arg>
</arguments>
<msg level="INFO" timestamp="20160920 13:01:37.850">ValidationException: Validation error: Last Name is too short, must have more than 2 characters</msg>
<status endtime="20160920 13:01:37.852" starttime="20160920 13:01:37.848" status="PASS"></status>
</kw>
<kw library="BuiltIn" name="Should Be Equal">
<doc>Fails if the given objects are unequal.</doc>
<arguments>
<arg>${message}</arg>
<arg>ValidationException: Validation error: ${error}</arg>
</arguments>
<status endtime="20160920 13:01:37.857" starttime="20160920 13:01:37.853" status="PASS"></status>
</kw>
<status endtime="20160920 13:01:37.859" starttime="20160920 13:01:37.822" status="PASS"></status>
</kw>
<status critical="yes" endtime="20160920 13:01:37.860" starttime="20160920 13:01:37.779" status="PASS"></status>
</test>
<test name="Creating user with invalid identification should fail" id="s1-t3">
<kw name="Invalid identification">
<arguments>
<arg>12345678910</arg>
<arg>${CI TOO LONG}</arg>
</arguments>
<kw library="BuiltIn" name="Run Keyword And Expect Error">
<doc>Runs the keyword and checks that the expected error occurred.</doc>
<arguments>
<arg>*</arg>
<arg>create</arg>
<arg>${ci}</arg>
<arg>jhon_doe</arg>
<arg>hawking</arg>
<arg>nowhere</arg>
</arguments>
<assign>
<var>${message}</var>
</assign>
<kw library="bo.edu.ucbcba.videoclub.controller.ClientController" name="Create">
<arguments>
<arg>${ci}</arg>
<arg>jhon_doe</arg>
<arg>hawking</arg>
<arg>nowhere</arg>
</arguments>
<msg level="FAIL" timestamp="20160920 13:01:37.883">ValidationException: Validation error: CI can't have more than 10 characters</msg>
<status endtime="20160920 13:01:37.884" starttime="20160920 13:01:37.873" status="FAIL"></status>
</kw>
<msg level="INFO" timestamp="20160920 13:01:37.885">${message} = ValidationException: Validation error: CI can't have more than 10 characters</msg>
<status endtime="20160920 13:01:37.886" starttime="20160920 13:01:37.869" status="PASS"></status>
</kw>
<kw library="BuiltIn" name="Log">
<doc>Logs the given message with the given level.</doc>
<arguments>
<arg>${message}</arg>
</arguments>
<msg level="INFO" timestamp="20160920 13:01:37.890">ValidationException: Validation error: CI can't have more than 10 characters</msg>
<status endtime="20160920 13:01:37.891" starttime="20160920 13:01:37.887" status="PASS"></status>
</kw>
<kw library="BuiltIn" name="Should Be Equal">
<doc>Fails if the given objects are unequal.</doc>
<arguments>
<arg>${message}</arg>
<arg>ValidationException: Validation error: ${error}</arg>
</arguments>
<status endtime="20160920 13:01:37.896" starttime="20160920 13:01:37.893" status="PASS"></status>
</kw>
<status endtime="20160920 13:01:37.898" starttime="20160920 13:01:37.865" status="PASS"></status>
</kw>
<kw name="Invalid identification">
<arguments>
<arg>12345</arg>
<arg>${CI TOO SHORT}</arg>
</arguments>
<kw library="BuiltIn" name="Run Keyword And Expect Error">
<doc>Runs the keyword and checks that the expected error occurred.</doc>
<arguments>
<arg>*</arg>
<arg>create</arg>
<arg>${ci}</arg>
<arg>jhon_doe</arg>
<arg>hawking</arg>
<arg>nowhere</arg>
</arguments>
<assign>
<var>${message}</var>
</assign>
<kw library="bo.edu.ucbcba.videoclub.controller.ClientController" name="Create">
<arguments>
<arg>${ci}</arg>
<arg>jhon_doe</arg>
<arg>hawking</arg>
<arg>nowhere</arg>
</arguments>
<msg level="FAIL" timestamp="20160920 13:01:37.915">ValidationException: Validation error: CI can't have less than 7 characters</msg>
<status endtime="20160920 13:01:37.916" starttime="20160920 13:01:37.905" status="FAIL"></status>
</kw>
<msg level="INFO" timestamp="20160920 13:01:37.918">${message} = ValidationException: Validation error: CI can't have less than 7 characters</msg>
<status endtime="20160920 13:01:37.918" starttime="20160920 13:01:37.902" status="PASS"></status>
</kw>
<kw library="BuiltIn" name="Log">
<doc>Logs the given message with the given level.</doc>
<arguments>
<arg>${message}</arg>
</arguments>
<msg level="INFO" timestamp="20160920 13:01:37.922">ValidationException: Validation error: CI can't have less than 7 characters</msg>
<status endtime="20160920 13:01:37.923" starttime="20160920 13:01:37.920" status="PASS"></status>
</kw>
<kw library="BuiltIn" name="Should Be Equal">
<doc>Fails if the given objects are unequal.</doc>
<arguments>
<arg>${message}</arg>
<arg>ValidationException: Validation error: ${error}</arg>
</arguments>
<status endtime="20160920 13:01:37.928" starttime="20160920 13:01:37.924" status="PASS"></status>
</kw>
<status endtime="20160920 13:01:37.929" starttime="20160920 13:01:37.899" status="PASS"></status>
</kw>
<status critical="yes" endtime="20160920 13:01:37.930" starttime="20160920 13:01:37.862" status="PASS"></status>
</test>
<test name="Creating user with valid information" id="s1-t4">
<kw name="Create user">
<arguments>
<arg>1299456745</arg>
<arg>juan_d</arg>
<arg>perez</arg>
<arg>nowhere</arg>
</arguments>
<kw library="bo.edu.ucbcba.videoclub.controller.ClientController" name="Create">
<arguments>
<arg>${ci}</arg>
<arg>${firstname}</arg>
<arg>${lastname}</arg>
<arg>${address}</arg>
</arguments>
<assign>
<var>${message}</var>
</assign>
<msg level="INFO" timestamp="20160920 13:01:40.090">[EL Info]: transaction: 2016-09-20 13:01:38.156--ServerSession(1634001207)--property eclipselink.jdbc.driver is deprecated, property javax.persistence.jdbc.driver should be used instead.
[EL Info]: transaction: 2016-09-20 13:01:38.162--ServerSession(1634001207)--property eclipselink.jdbc.url is deprecated, property javax.persistence.jdbc.url should be used instead.
[EL Info]: transaction: 2016-09-20 13:01:38.557--ServerSession(1634001207)--property eclipselink.jdbc.driver is deprecated, property javax.persistence.jdbc.driver should be used instead.
[EL Info]: transaction: 2016-09-20 13:01:38.557--ServerSession(1634001207)--property eclipselink.jdbc.url is deprecated, property javax.persistence.jdbc.url should be used instead.
[EL Info]: 2016-09-20 13:01:38.567--ServerSession(1634001207)--EclipseLink, version: Eclipse Persistence Services - 2.6.3.v20160428-59c81c5
[EL Info]: connection: 2016-09-20 13:01:39.254--ServerSession(1634001207)--/file:/home/jddm11/workspace/tallerprogra-g2-2016/build/libs/videoclub-1.0-SNAPSHOT-all.jar_VideoClub login successful
[EL Warning]: 2016-09-20 13:01:39.803--ServerSession(1634001207)--Exception [EclipseLink-4002] (Eclipse Persistence Services - 2.6.3.v20160428-59c81c5): org.eclipse.persistence.exceptions.DatabaseException
Internal Exception: SQL Exception: Constraint 'MOVIE_DIRECTOR_ID' already exists in Schema 'APP'.
Error Code: 30000
Call: ALTER TABLE MOVIE ADD CONSTRAINT MOVIE_DIRECTOR_ID FOREIGN KEY (DIRECTOR_ID) REFERENCES DIRECTOR (ID)
Query: DataModifyQuery(sql="ALTER TABLE MOVIE ADD CONSTRAINT MOVIE_DIRECTOR_ID FOREIGN KEY (DIRECTOR_ID) REFERENCES DIRECTOR (ID)")
[EL Warning]: 2016-09-20 13:01:39.839--ServerSession(1634001207)--Exception [EclipseLink-4002] (Eclipse Persistence Services - 2.6.3.v20160428-59c81c5): org.eclipse.persistence.exceptions.DatabaseException
Internal Exception: SQL Exception: Constraint 'FK_GAME_COMPANY_ID' already exists in Schema 'APP'.
Error Code: 30000
Call: ALTER TABLE GAME ADD CONSTRAINT FK_GAME_COMPANY_ID FOREIGN KEY (COMPANY_ID) REFERENCES COMPANY (ID)
Query: DataModifyQuery(sql="ALTER TABLE GAME ADD CONSTRAINT FK_GAME_COMPANY_ID FOREIGN KEY (COMPANY_ID) REFERENCES COMPANY (ID)")
[EL Warning]: 2016-09-20 13:01:39.872--ServerSession(1634001207)--Exception [EclipseLink-4002] (Eclipse Persistence Services - 2.6.3.v20160428-59c81c5): org.eclipse.persistence.exceptions.DatabaseException
Internal Exception: SQL Exception: Constraint 'COMPANYGAMEGAMESID' already exists in Schema 'APP'.
Error Code: 30000
Call: ALTER TABLE COMPANY_GAME ADD CONSTRAINT COMPANYGAMEgamesID FOREIGN KEY (games_ID) REFERENCES GAME (ID)
Query: DataModifyQuery(sql="ALTER TABLE COMPANY_GAME ADD CONSTRAINT COMPANYGAMEgamesID FOREIGN KEY (games_ID) REFERENCES GAME (ID)")
[EL Warning]: 2016-09-20 13:01:39.905--ServerSession(1634001207)--Exception [EclipseLink-4002] (Eclipse Persistence Services - 2.6.3.v20160428-59c81c5): org.eclipse.persistence.exceptions.DatabaseException
Internal Exception: SQL Exception: Constraint 'DRCTORMOVIEMVIESID' already exists in Schema 'APP'.
Error Code: 30000
Call: ALTER TABLE DIRECTOR_MOVIE ADD CONSTRAINT DRCTORMOVIEmviesID FOREIGN KEY (movies_ID) REFERENCES MOVIE (ID)
Query: DataModifyQuery(sql="ALTER TABLE DIRECTOR_MOVIE ADD CONSTRAINT DRCTORMOVIEmviesID FOREIGN KEY (movies_ID) REFERENCES MOVIE (ID)")</msg>
<msg level="FAIL" timestamp="20160920 13:01:40.108">ValidationException: Validation error: Already exist a Client with CI: '1299456745'</msg>
<status endtime="20160920 13:01:40.110" starttime="20160920 13:01:37.938" status="FAIL"></status>
</kw>
<status endtime="20160920 13:01:40.113" starttime="20160920 13:01:37.935" status="FAIL"></status>
</kw>
<status critical="yes" endtime="20160920 13:01:40.115" starttime="20160920 13:01:37.932" status="FAIL">ValidationException: Validation error: Already exist a Client with CI: '1299456745'</status>
</test>
<test name="Creating user already exists should fail" id="s1-t5">
<kw name="Create user duplicated">
<arguments>
<arg>111111114</arg>
<arg>${ALREADY USER}</arg>
</arguments>
<kw library="bo.edu.ucbcba.videoclub.controller.ClientController" name="Create">
<arguments>
<arg>${ci} jhon_doe</arg>
<arg>hawking</arg>
<arg>nowhere</arg>
</arguments>
<msg level="FAIL" timestamp="20160920 13:01:40.130">Keyword 'bo.edu.ucbcba.videoclub.controller.ClientController.Create' expected 4 arguments, got 3.</msg>
<status endtime="20160920 13:01:40.131" starttime="20160920 13:01:40.128" status="FAIL"></status>
</kw>
<status endtime="20160920 13:01:40.133" starttime="20160920 13:01:40.124" status="FAIL"></status>
</kw>
<status critical="yes" endtime="20160920 13:01:40.134" starttime="20160920 13:01:40.118" status="FAIL">Keyword 'bo.edu.ucbcba.videoclub.controller.ClientController.Create' expected 4 arguments, got 3.</status>
</test>
<status endtime="20160920 13:01:40.140" starttime="20160920 13:01:37.392" status="FAIL"></status>
</suite>
<statistics>
<total>
<stat pass="3" fail="2">Critical Tests</stat>
<stat pass="3" fail="2">All Tests</stat>
</total>
<tag>
</tag>
<suite>
<stat pass="3" fail="2" name="Client Test Cases" id="s1">Client Test Cases</stat>
</suite>
</statistics>
<errors>
</errors>
</robot>
