<?xml version="1.0" encoding="UTF-8"?>
<robot generator="Robot 3.0 (Jython 2.7.0 on java1.8.0_101)" generated="20160926 00:34:36.870">
<suite source="/Users/pablo/Projects/University/robot_framework_project/robot_test" name="Robot Test" id="s1">
<suite source="/Users/pablo/Projects/University/robot_framework_project/robot_test/client_test_cases.rst" name="Client Test Cases" id="s1-s1">
<test name="Creating client with blank first name should fail" id="s1-s1-t1">
<kw name="Create client with invalid first name">
<arguments>
<arg>${BLANK}</arg>
<arg>${FIRST_NAME BLANK}</arg>
</arguments>
<kw library="BuiltIn" name="Run Keyword And Expect Error">
<doc>Runs the keyword and checks that the expected error occurred.</doc>
<arguments>
<arg>*</arg>
<arg>client.create</arg>
<arg>12345678</arg>
<arg>${firstname}</arg>
<arg>hawking</arg>
<arg>nowhere</arg>
</arguments>
<assign>
<var>${message}</var>
</assign>
<kw library="client" name="Create">
<arguments>
<arg>12345678</arg>
<arg>${firstname}</arg>
<arg>hawking</arg>
<arg>nowhere</arg>
</arguments>
<msg level="FAIL" timestamp="20160926 00:34:37.492">ValidationException: Validation error: First Name can't be blank</msg>
<status endtime="20160926 00:34:37.494" starttime="20160926 00:34:37.462" status="FAIL"></status>
</kw>
<msg level="INFO" timestamp="20160926 00:34:37.501">${message} = ValidationException: Validation error: First Name can't be blank</msg>
<status endtime="20160926 00:34:37.506" starttime="20160926 00:34:37.452" status="PASS"></status>
</kw>
<kw library="BuiltIn" name="Log">
<doc>Logs the given message with the given level.</doc>
<arguments>
<arg>${message}</arg>
</arguments>
<msg level="INFO" timestamp="20160926 00:34:37.515">ValidationException: Validation error: First Name can't be blank</msg>
<status endtime="20160926 00:34:37.518" starttime="20160926 00:34:37.509" status="PASS"></status>
</kw>
<kw library="BuiltIn" name="Should Be Equal">
<doc>Fails if the given objects are unequal.</doc>
<arguments>
<arg>${message}</arg>
<arg>ValidationException: Validation error: ${error}</arg>
</arguments>
<status endtime="20160926 00:34:37.529" starttime="20160926 00:34:37.520" status="PASS"></status>
</kw>
<status endtime="20160926 00:34:37.531" starttime="20160926 00:34:37.441" status="PASS"></status>
</kw>
<status critical="yes" endtime="20160926 00:34:37.534" starttime="20160926 00:34:37.429" status="PASS"></status>
</test>
<test name="Creating client with long first name should fail" id="s1-s1-t2">
<kw name="Create client with invalid first name">
<arguments>
<arg>jhonsnowrickrobotclarkkenthor</arg>
<arg>${FIRST_NAME TOO LONG}</arg>
</arguments>
<kw library="BuiltIn" name="Run Keyword And Expect Error">
<doc>Runs the keyword and checks that the expected error occurred.</doc>
<arguments>
<arg>*</arg>
<arg>client.create</arg>
<arg>12345678</arg>
<arg>${firstname}</arg>
<arg>hawking</arg>
<arg>nowhere</arg>
</arguments>
<assign>
<var>${message}</var>
</assign>
<kw library="client" name="Create">
<arguments>
<arg>12345678</arg>
<arg>${firstname}</arg>
<arg>hawking</arg>
<arg>nowhere</arg>
</arguments>
<msg level="FAIL" timestamp="20160926 00:34:37.585">ValidationException: Validation error: First Name is too long, must have less than 25 characters</msg>
<status endtime="20160926 00:34:37.586" starttime="20160926 00:34:37.559" status="FAIL"></status>
</kw>
<msg level="INFO" timestamp="20160926 00:34:37.588">${message} = ValidationException: Validation error: First Name is too long, must have less than 25 characters</msg>
<status endtime="20160926 00:34:37.590" starttime="20160926 00:34:37.554" status="PASS"></status>
</kw>
<kw library="BuiltIn" name="Log">
<doc>Logs the given message with the given level.</doc>
<arguments>
<arg>${message}</arg>
</arguments>
<msg level="INFO" timestamp="20160926 00:34:37.595">ValidationException: Validation error: First Name is too long, must have less than 25 characters</msg>
<status endtime="20160926 00:34:37.597" starttime="20160926 00:34:37.591" status="PASS"></status>
</kw>
<kw library="BuiltIn" name="Should Be Equal">
<doc>Fails if the given objects are unequal.</doc>
<arguments>
<arg>${message}</arg>
<arg>ValidationException: Validation error: ${error}</arg>
</arguments>
<status endtime="20160926 00:34:37.605" starttime="20160926 00:34:37.601" status="PASS"></status>
</kw>
<status endtime="20160926 00:34:37.607" starttime="20160926 00:34:37.546" status="PASS"></status>
</kw>
<status critical="yes" endtime="20160926 00:34:37.608" starttime="20160926 00:34:37.541" status="PASS"></status>
</test>
<test name="Creating client with short first name should fail" id="s1-s1-t3">
<kw name="Create client with invalid first name">
<arguments>
<arg>k</arg>
<arg>${FIRST_NAME TOO SHORT}</arg>
</arguments>
<kw library="BuiltIn" name="Run Keyword And Expect Error">
<doc>Runs the keyword and checks that the expected error occurred.</doc>
<arguments>
<arg>*</arg>
<arg>client.create</arg>
<arg>12345678</arg>
<arg>${firstname}</arg>
<arg>hawking</arg>
<arg>nowhere</arg>
</arguments>
<assign>
<var>${message}</var>
</assign>
<kw library="client" name="Create">
<arguments>
<arg>12345678</arg>
<arg>${firstname}</arg>
<arg>hawking</arg>
<arg>nowhere</arg>
</arguments>
<msg level="FAIL" timestamp="20160926 00:34:37.678">ValidationException: Validation error: First Name is too short, must have more than 2 characters</msg>
<status endtime="20160926 00:34:37.682" starttime="20160926 00:34:37.637" status="FAIL"></status>
</kw>
<msg level="INFO" timestamp="20160926 00:34:37.686">${message} = ValidationException: Validation error: First Name is too short, must have more than 2 characters</msg>
<status endtime="20160926 00:34:37.687" starttime="20160926 00:34:37.621" status="PASS"></status>
</kw>
<kw library="BuiltIn" name="Log">
<doc>Logs the given message with the given level.</doc>
<arguments>
<arg>${message}</arg>
</arguments>
<msg level="INFO" timestamp="20160926 00:34:37.691">ValidationException: Validation error: First Name is too short, must have more than 2 characters</msg>
<status endtime="20160926 00:34:37.692" starttime="20160926 00:34:37.688" status="PASS"></status>
</kw>
<kw library="BuiltIn" name="Should Be Equal">
<doc>Fails if the given objects are unequal.</doc>
<arguments>
<arg>${message}</arg>
<arg>ValidationException: Validation error: ${error}</arg>
</arguments>
<status endtime="20160926 00:34:37.699" starttime="20160926 00:34:37.694" status="PASS"></status>
</kw>
<status endtime="20160926 00:34:37.701" starttime="20160926 00:34:37.616" status="PASS"></status>
</kw>
<status critical="yes" endtime="20160926 00:34:37.703" starttime="20160926 00:34:37.610" status="PASS"></status>
</test>
<test name="Creating client with blank last name should fail" id="s1-s1-t4">
<kw name="Create client with invalid last name">
<arguments>
<arg>${BLANK}</arg>
<arg>${LAST_NAME BLANK}</arg>
</arguments>
<kw library="BuiltIn" name="Run Keyword And Expect Error">
<doc>Runs the keyword and checks that the expected error occurred.</doc>
<arguments>
<arg>*</arg>
<arg>client.create</arg>
<arg>12345678</arg>
<arg>jhon_doe</arg>
<arg>${lastname}</arg>
<arg>nowhere</arg>
</arguments>
<assign>
<var>${message}</var>
</assign>
<kw library="client" name="Create">
<arguments>
<arg>12345678</arg>
<arg>jhon_doe</arg>
<arg>${lastname}</arg>
<arg>nowhere</arg>
</arguments>
<msg level="FAIL" timestamp="20160926 00:34:37.743">ValidationException: Validation error: Last Name can't be blank</msg>
<status endtime="20160926 00:34:37.750" starttime="20160926 00:34:37.723" status="FAIL"></status>
</kw>
<msg level="INFO" timestamp="20160926 00:34:37.752">${message} = ValidationException: Validation error: Last Name can't be blank</msg>
<status endtime="20160926 00:34:37.754" starttime="20160926 00:34:37.718" status="PASS"></status>
</kw>
<kw library="BuiltIn" name="Log">
<doc>Logs the given message with the given level.</doc>
<arguments>
<arg>${message}</arg>
</arguments>
<msg level="INFO" timestamp="20160926 00:34:37.759">ValidationException: Validation error: Last Name can't be blank</msg>
<status endtime="20160926 00:34:37.760" starttime="20160926 00:34:37.756" status="PASS"></status>
</kw>
<kw library="BuiltIn" name="Should Be Equal">
<doc>Fails if the given objects are unequal.</doc>
<arguments>
<arg>${message}</arg>
<arg>ValidationException: Validation error: ${error}</arg>
</arguments>
<status endtime="20160926 00:34:37.767" starttime="20160926 00:34:37.762" status="PASS"></status>
</kw>
<status endtime="20160926 00:34:37.768" starttime="20160926 00:34:37.711" status="PASS"></status>
</kw>
<status critical="yes" endtime="20160926 00:34:37.770" starttime="20160926 00:34:37.706" status="PASS"></status>
</test>
<test name="Creating client with long last name should fail" id="s1-s1-t5">
<kw name="Create client with invalid last name">
<arguments>
<arg>hawkingsnowrickrobotclarkkenthor</arg>
<arg>${LAST_NAME TOO LONG}</arg>
</arguments>
<kw library="BuiltIn" name="Run Keyword And Expect Error">
<doc>Runs the keyword and checks that the expected error occurred.</doc>
<arguments>
<arg>*</arg>
<arg>client.create</arg>
<arg>12345678</arg>
<arg>jhon_doe</arg>
<arg>${lastname}</arg>
<arg>nowhere</arg>
</arguments>
<assign>
<var>${message}</var>
</assign>
<kw library="client" name="Create">
<arguments>
<arg>12345678</arg>
<arg>jhon_doe</arg>
<arg>${lastname}</arg>
<arg>nowhere</arg>
</arguments>
<msg level="FAIL" timestamp="20160926 00:34:37.825">ValidationException: Validation error: Last Name is too long, must have less than 25 characters</msg>
<status endtime="20160926 00:34:37.827" starttime="20160926 00:34:37.802" status="FAIL"></status>
</kw>
<msg level="INFO" timestamp="20160926 00:34:37.829">${message} = ValidationException: Validation error: Last Name is too long, must have less than 25 characters</msg>
<status endtime="20160926 00:34:37.830" starttime="20160926 00:34:37.792" status="PASS"></status>
</kw>
<kw library="BuiltIn" name="Log">
<doc>Logs the given message with the given level.</doc>
<arguments>
<arg>${message}</arg>
</arguments>
<msg level="INFO" timestamp="20160926 00:34:37.834">ValidationException: Validation error: Last Name is too long, must have less than 25 characters</msg>
<status endtime="20160926 00:34:37.836" starttime="20160926 00:34:37.831" status="PASS"></status>
</kw>
<kw library="BuiltIn" name="Should Be Equal">
<doc>Fails if the given objects are unequal.</doc>
<arguments>
<arg>${message}</arg>
<arg>ValidationException: Validation error: ${error}</arg>
</arguments>
<status endtime="20160926 00:34:37.845" starttime="20160926 00:34:37.839" status="PASS"></status>
</kw>
<status endtime="20160926 00:34:37.846" starttime="20160926 00:34:37.784" status="PASS"></status>
</kw>
<status critical="yes" endtime="20160926 00:34:37.848" starttime="20160926 00:34:37.772" status="PASS"></status>
</test>
<test name="Creating client with short last name should fail" id="s1-s1-t6">
<kw name="Create client with invalid last name">
<arguments>
<arg>D</arg>
<arg>${LAST_NAME TOO SHORT}</arg>
</arguments>
<kw library="BuiltIn" name="Run Keyword And Expect Error">
<doc>Runs the keyword and checks that the expected error occurred.</doc>
<arguments>
<arg>*</arg>
<arg>client.create</arg>
<arg>12345678</arg>
<arg>jhon_doe</arg>
<arg>${lastname}</arg>
<arg>nowhere</arg>
</arguments>
<assign>
<var>${message}</var>
</assign>
<kw library="client" name="Create">
<arguments>
<arg>12345678</arg>
<arg>jhon_doe</arg>
<arg>${lastname}</arg>
<arg>nowhere</arg>
</arguments>
<msg level="FAIL" timestamp="20160926 00:34:37.879">ValidationException: Validation error: Last Name is too short, must have more than 2 characters</msg>
<status endtime="20160926 00:34:37.881" starttime="20160926 00:34:37.863" status="FAIL"></status>
</kw>
<msg level="INFO" timestamp="20160926 00:34:37.882">${message} = ValidationException: Validation error: Last Name is too short, must have more than 2 characters</msg>
<status endtime="20160926 00:34:37.883" starttime="20160926 00:34:37.858" status="PASS"></status>
</kw>
<kw library="BuiltIn" name="Log">
<doc>Logs the given message with the given level.</doc>
<arguments>
<arg>${message}</arg>
</arguments>
<msg level="INFO" timestamp="20160926 00:34:37.887">ValidationException: Validation error: Last Name is too short, must have more than 2 characters</msg>
<status endtime="20160926 00:34:37.889" starttime="20160926 00:34:37.884" status="PASS"></status>
</kw>
<kw library="BuiltIn" name="Should Be Equal">
<doc>Fails if the given objects are unequal.</doc>
<arguments>
<arg>${message}</arg>
<arg>ValidationException: Validation error: ${error}</arg>
</arguments>
<status endtime="20160926 00:34:37.902" starttime="20160926 00:34:37.891" status="PASS"></status>
</kw>
<status endtime="20160926 00:34:37.904" starttime="20160926 00:34:37.853" status="PASS"></status>
</kw>
<status critical="yes" endtime="20160926 00:34:37.905" starttime="20160926 00:34:37.850" status="PASS"></status>
</test>
<test name="Creating client with blank CI should fail" id="s1-s1-t7">
<kw name="Create client with invalid CI">
<arguments>
<arg>${BLANK}</arg>
<arg>${CI_BLANK}</arg>
</arguments>
<kw library="BuiltIn" name="Run Keyword And Expect Error">
<doc>Runs the keyword and checks that the expected error occurred.</doc>
<arguments>
<arg>*</arg>
<arg>client.create</arg>
<arg>${ci}</arg>
<arg>jhon_doe</arg>
<arg>hawking</arg>
<arg>nowhere</arg>
</arguments>
<assign>
<var>${message}</var>
</assign>
<kw library="client" name="Create">
<arguments>
<arg>${ci}</arg>
<arg>jhon_doe</arg>
<arg>hawking</arg>
<arg>nowhere</arg>
</arguments>
<msg level="FAIL" timestamp="20160926 00:34:37.943">ValidationException: Validation error: CI can't be blank</msg>
<status endtime="20160926 00:34:37.944" starttime="20160926 00:34:37.922" status="FAIL"></status>
</kw>
<msg level="INFO" timestamp="20160926 00:34:37.946">${message} = ValidationException: Validation error: CI can't be blank</msg>
<status endtime="20160926 00:34:37.947" starttime="20160926 00:34:37.919" status="PASS"></status>
</kw>
<kw library="BuiltIn" name="Log">
<doc>Logs the given message with the given level.</doc>
<arguments>
<arg>${message}</arg>
</arguments>
<msg level="INFO" timestamp="20160926 00:34:37.953">ValidationException: Validation error: CI can't be blank</msg>
<status endtime="20160926 00:34:37.956" starttime="20160926 00:34:37.951" status="PASS"></status>
</kw>
<kw library="BuiltIn" name="Should Be Equal">
<doc>Fails if the given objects are unequal.</doc>
<arguments>
<arg>${message}</arg>
<arg>ValidationException: Validation error: ${error}</arg>
</arguments>
<status endtime="20160926 00:34:37.973" starttime="20160926 00:34:37.967" status="PASS"></status>
</kw>
<status endtime="20160926 00:34:37.974" starttime="20160926 00:34:37.912" status="PASS"></status>
</kw>
<status critical="yes" endtime="20160926 00:34:37.975" starttime="20160926 00:34:37.908" status="PASS"></status>
</test>
<test name="Creating client with long CI should fail" id="s1-s1-t8">
<kw name="Create client with invalid CI">
<arguments>
<arg>12929388177</arg>
<arg>${CI TOO LONG}</arg>
</arguments>
<kw library="BuiltIn" name="Run Keyword And Expect Error">
<doc>Runs the keyword and checks that the expected error occurred.</doc>
<arguments>
<arg>*</arg>
<arg>client.create</arg>
<arg>${ci}</arg>
<arg>jhon_doe</arg>
<arg>hawking</arg>
<arg>nowhere</arg>
</arguments>
<assign>
<var>${message}</var>
</assign>
<kw library="client" name="Create">
<arguments>
<arg>${ci}</arg>
<arg>jhon_doe</arg>
<arg>hawking</arg>
<arg>nowhere</arg>
</arguments>
<msg level="FAIL" timestamp="20160926 00:34:38.015">ValidationException: Validation error: CI can't have more than 10 characters</msg>
<status endtime="20160926 00:34:38.017" starttime="20160926 00:34:37.997" status="FAIL"></status>
</kw>
<msg level="INFO" timestamp="20160926 00:34:38.019">${message} = ValidationException: Validation error: CI can't have more than 10 characters</msg>
<status endtime="20160926 00:34:38.020" starttime="20160926 00:34:37.987" status="PASS"></status>
</kw>
<kw library="BuiltIn" name="Log">
<doc>Logs the given message with the given level.</doc>
<arguments>
<arg>${message}</arg>
</arguments>
<msg level="INFO" timestamp="20160926 00:34:38.026">ValidationException: Validation error: CI can't have more than 10 characters</msg>
<status endtime="20160926 00:34:38.027" starttime="20160926 00:34:38.024" status="PASS"></status>
</kw>
<kw library="BuiltIn" name="Should Be Equal">
<doc>Fails if the given objects are unequal.</doc>
<arguments>
<arg>${message}</arg>
<arg>ValidationException: Validation error: ${error}</arg>
</arguments>
<status endtime="20160926 00:34:38.034" starttime="20160926 00:34:38.029" status="PASS"></status>
</kw>
<status endtime="20160926 00:34:38.035" starttime="20160926 00:34:37.983" status="PASS"></status>
</kw>
<status critical="yes" endtime="20160926 00:34:38.036" starttime="20160926 00:34:37.978" status="PASS"></status>
</test>
<test name="Creating client with short CI should fail" id="s1-s1-t9">
<kw name="Create client with invalid CI">
<arguments>
<arg>123</arg>
<arg>${CI TOO SHORT}</arg>
</arguments>
<kw library="BuiltIn" name="Run Keyword And Expect Error">
<doc>Runs the keyword and checks that the expected error occurred.</doc>
<arguments>
<arg>*</arg>
<arg>client.create</arg>
<arg>${ci}</arg>
<arg>jhon_doe</arg>
<arg>hawking</arg>
<arg>nowhere</arg>
</arguments>
<assign>
<var>${message}</var>
</assign>
<kw library="client" name="Create">
<arguments>
<arg>${ci}</arg>
<arg>jhon_doe</arg>
<arg>hawking</arg>
<arg>nowhere</arg>
</arguments>
<msg level="FAIL" timestamp="20160926 00:34:38.157">ValidationException: Validation error: CI can't have less than 7 characters</msg>
<status endtime="20160926 00:34:38.160" starttime="20160926 00:34:38.093" status="FAIL"></status>
</kw>
<msg level="INFO" timestamp="20160926 00:34:38.166">${message} = ValidationException: Validation error: CI can't have less than 7 characters</msg>
<status endtime="20160926 00:34:38.168" starttime="20160926 00:34:38.050" status="PASS"></status>
</kw>
<kw library="BuiltIn" name="Log">
<doc>Logs the given message with the given level.</doc>
<arguments>
<arg>${message}</arg>
</arguments>
<msg level="INFO" timestamp="20160926 00:34:38.182">ValidationException: Validation error: CI can't have less than 7 characters</msg>
<status endtime="20160926 00:34:38.185" starttime="20160926 00:34:38.172" status="PASS"></status>
</kw>
<kw library="BuiltIn" name="Should Be Equal">
<doc>Fails if the given objects are unequal.</doc>
<arguments>
<arg>${message}</arg>
<arg>ValidationException: Validation error: ${error}</arg>
</arguments>
<status endtime="20160926 00:34:38.205" starttime="20160926 00:34:38.187" status="PASS"></status>
</kw>
<status endtime="20160926 00:34:38.206" starttime="20160926 00:34:38.044" status="PASS"></status>
</kw>
<status critical="yes" endtime="20160926 00:34:38.207" starttime="20160926 00:34:38.040" status="PASS"></status>
</test>
<test name="Creating client with valid information" id="s1-s1-t10">
<kw name="Count clients">
<assign>
<var>${clients}</var>
</assign>
<kw library="client" name="Search Client">
<arguments>
<arg>${EMPTY}</arg>
</arguments>
<assign>
<var>${clients}</var>
</assign>
<msg level="INFO" timestamp="20160926 00:34:42.258">[EL Info]: transaction: 2016-09-26 00:34:39.127--ServerSession(2095335823)--property eclipselink.jdbc.driver is deprecated, property javax.persistence.jdbc.driver should be used instead.
[EL Info]: transaction: 2016-09-26 00:34:39.138--ServerSession(2095335823)--property eclipselink.jdbc.url is deprecated, property javax.persistence.jdbc.url should be used instead.
[EL Info]: transaction: 2016-09-26 00:34:39.599--ServerSession(2095335823)--property eclipselink.jdbc.driver is deprecated, property javax.persistence.jdbc.driver should be used instead.
[EL Info]: transaction: 2016-09-26 00:34:39.599--ServerSession(2095335823)--property eclipselink.jdbc.url is deprecated, property javax.persistence.jdbc.url should be used instead.
[EL Info]: 2016-09-26 00:34:39.632--ServerSession(2095335823)--EclipseLink, version: Eclipse Persistence Services - 2.6.3.v20160428-59c81c5
[EL Info]: connection: 2016-09-26 00:34:40.941--ServerSession(2095335823)--/file:/Users/pablo/Projects/University/robot_framework_project/build/resources/main/_VideoClub login successful</msg>
<msg level="INFO" timestamp="20160926 00:34:42.263">${clients} = []</msg>
<status endtime="20160926 00:34:42.264" starttime="20160926 00:34:38.220" status="PASS"></status>
</kw>
<kw library="BuiltIn" name="Get Length">
<doc>Returns and logs the length of the given item as an integer.</doc>
<arguments>
<arg>${clients}</arg>
</arguments>
<assign>
<var>${size}</var>
</assign>
<msg level="INFO" timestamp="20160926 00:34:42.274">Length is 0</msg>
<msg level="INFO" timestamp="20160926 00:34:42.275">${size} = 0</msg>
<status endtime="20160926 00:34:42.280" starttime="20160926 00:34:42.270" status="PASS"></status>
</kw>
<msg level="INFO" timestamp="20160926 00:34:42.283">${clients} = 0</msg>
<status endtime="20160926 00:34:42.283" starttime="20160926 00:34:38.217" status="PASS"></status>
</kw>
<kw name="Create client">
<arguments>
<arg>1299456745</arg>
<arg>juan_d</arg>
<arg>perez</arg>
<arg>nowhere</arg>
</arguments>
<kw library="client" name="Create">
<arguments>
<arg>${ci}</arg>
<arg>${firstname}</arg>
<arg>${lastname}</arg>
<arg>${address}</arg>
</arguments>
<assign>
<var>${message}</var>
</assign>
<msg level="INFO" timestamp="20160926 00:34:42.382">${message} = None</msg>
<status endtime="20160926 00:34:42.383" starttime="20160926 00:34:42.299" status="PASS"></status>
</kw>
<kw library="BuiltIn" name="Log">
<doc>Logs the given message with the given level.</doc>
<arguments>
<arg>${message}</arg>
</arguments>
<msg level="INFO" timestamp="20160926 00:34:42.393">None</msg>
<status endtime="20160926 00:34:42.394" starttime="20160926 00:34:42.385" status="PASS"></status>
</kw>
<kw library="BuiltIn" name="Should Be Equal">
<doc>Fails if the given objects are unequal.</doc>
<arguments>
<arg>${message}</arg>
<arg>${None}</arg>
</arguments>
<status endtime="20160926 00:34:42.402" starttime="20160926 00:34:42.395" status="PASS"></status>
</kw>
<status endtime="20160926 00:34:42.403" starttime="20160926 00:34:42.284" status="PASS"></status>
</kw>
<kw name="Count clients">
<assign>
<var>${clients_new}</var>
</assign>
<kw library="client" name="Search Client">
<arguments>
<arg>${EMPTY}</arg>
</arguments>
<assign>
<var>${clients}</var>
</assign>
<msg level="INFO" timestamp="20160926 00:34:42.418">${clients} = [bo.edu.ucbcba.videoclub.model.Client@6d911985]</msg>
<status endtime="20160926 00:34:42.420" starttime="20160926 00:34:42.408" status="PASS"></status>
</kw>
<kw library="BuiltIn" name="Get Length">
<doc>Returns and logs the length of the given item as an integer.</doc>
<arguments>
<arg>${clients}</arg>
</arguments>
<assign>
<var>${size}</var>
</assign>
<msg level="INFO" timestamp="20160926 00:34:42.425">Length is 1</msg>
<msg level="INFO" timestamp="20160926 00:34:42.426">${size} = 1</msg>
<status endtime="20160926 00:34:42.426" starttime="20160926 00:34:42.422" status="PASS"></status>
</kw>
<msg level="INFO" timestamp="20160926 00:34:42.428">${clients_new} = 1</msg>
<status endtime="20160926 00:34:42.429" starttime="20160926 00:34:42.404" status="PASS"></status>
</kw>
<kw library="BuiltIn" name="Evaluate">
<doc>Evaluates the given expression in Python and returns the results.</doc>
<arguments>
<arg>$clients_new-$clients</arg>
</arguments>
<assign>
<var>${diff}</var>
</assign>
<msg level="INFO" timestamp="20160926 00:34:42.457">${diff} = 1</msg>
<status endtime="20160926 00:34:42.458" starttime="20160926 00:34:42.431" status="PASS"></status>
</kw>
<kw library="BuiltIn" name="Should Be Equal As Integers">
<doc>Fails if objects are unequal after converting them to integers.</doc>
<arguments>
<arg>${diff}</arg>
<arg>1</arg>
</arguments>
<msg level="INFO" timestamp="20160926 00:34:42.461">Argument types are:
&lt;type 'int'&gt;
&lt;type 'unicode'&gt;</msg>
<status endtime="20160926 00:34:42.464" starttime="20160926 00:34:42.459" status="PASS"></status>
</kw>
<status critical="yes" endtime="20160926 00:34:42.466" starttime="20160926 00:34:38.214" status="PASS"></status>
</test>
<test name="Creating client already exists should fail" id="s1-s1-t11">
<kw name="Create client duplicated">
<arguments>
<arg>111111114</arg>
<arg>${ALREADY CLIENT}</arg>
</arguments>
<kw library="client" name="Delete Client">
<arguments>
<arg>${ci}</arg>
</arguments>
<status endtime="20160926 00:34:42.487" starttime="20160926 00:34:42.483" status="PASS"></status>
</kw>
<kw library="client" name="Create">
<arguments>
<arg>${ci}</arg>
<arg>jhon_doe</arg>
<arg>hawking</arg>
<arg>nowhere</arg>
</arguments>
<status endtime="20160926 00:34:42.499" starttime="20160926 00:34:42.491" status="PASS"></status>
</kw>
<kw library="BuiltIn" name="Run Keyword And Expect Error">
<doc>Runs the keyword and checks that the expected error occurred.</doc>
<arguments>
<arg>*</arg>
<arg>client.create</arg>
<arg>${ci}</arg>
<arg>jhon_doe</arg>
<arg>hawking</arg>
<arg>nowhere</arg>
</arguments>
<assign>
<var>${message}</var>
</assign>
<kw library="client" name="Create">
<arguments>
<arg>${ci}</arg>
<arg>jhon_doe</arg>
<arg>hawking</arg>
<arg>nowhere</arg>
</arguments>
<msg level="FAIL" timestamp="20160926 00:34:42.522">ValidationException: Validation error: Already exist a Client with CI: '111111114'</msg>
<status endtime="20160926 00:34:42.523" starttime="20160926 00:34:42.505" status="FAIL"></status>
</kw>
<msg level="INFO" timestamp="20160926 00:34:42.525">${message} = ValidationException: Validation error: Already exist a Client with CI: '111111114'</msg>
<status endtime="20160926 00:34:42.526" starttime="20160926 00:34:42.501" status="PASS"></status>
</kw>
<kw library="BuiltIn" name="Log">
<doc>Logs the given message with the given level.</doc>
<arguments>
<arg>${message}</arg>
</arguments>
<msg level="INFO" timestamp="20160926 00:34:42.532">ValidationException: Validation error: Already exist a Client with CI: '111111114'</msg>
<status endtime="20160926 00:34:42.536" starttime="20160926 00:34:42.527" status="PASS"></status>
</kw>
<kw library="BuiltIn" name="Should Be Equal">
<doc>Fails if the given objects are unequal.</doc>
<arguments>
<arg>${message}</arg>
<arg>ValidationException: Validation error: ${error} '${ci}'</arg>
</arguments>
<status endtime="20160926 00:34:42.552" starttime="20160926 00:34:42.537" status="PASS"></status>
</kw>
<status endtime="20160926 00:34:42.554" starttime="20160926 00:34:42.480" status="PASS"></status>
</kw>
<status critical="yes" endtime="20160926 00:34:42.556" starttime="20160926 00:34:42.468" status="PASS"></status>
</test>
<test name="Delete non existent client" id="s1-s1-t12">
<kw library="client" name="Delete Client">
<arguments>
<arg>123</arg>
</arguments>
<assign>
<var>${response}</var>
</assign>
<msg level="INFO" timestamp="20160926 00:34:42.568">${response} = 2</msg>
<status endtime="20160926 00:34:42.569" starttime="20160926 00:34:42.564" status="PASS"></status>
</kw>
<kw library="BuiltIn" name="Should Be Equal As Integers">
<doc>Fails if objects are unequal after converting them to integers.</doc>
<arguments>
<arg>${response}</arg>
<arg>2</arg>
</arguments>
<msg level="INFO" timestamp="20160926 00:34:42.572">Argument types are:
&lt;type 'int'&gt;
&lt;type 'unicode'&gt;</msg>
<status endtime="20160926 00:34:42.574" starttime="20160926 00:34:42.570" status="PASS"></status>
</kw>
<status critical="yes" endtime="20160926 00:34:42.582" starttime="20160926 00:34:42.561" status="PASS"></status>
</test>
<test name="Delete existent client" id="s1-s1-t13">
<kw name="Create client">
<arguments>
<arg>1299456746</arg>
<arg>juan_d</arg>
<arg>perez</arg>
<arg>nowhere</arg>
</arguments>
<kw library="client" name="Create">
<arguments>
<arg>${ci}</arg>
<arg>${firstname}</arg>
<arg>${lastname}</arg>
<arg>${address}</arg>
</arguments>
<assign>
<var>${message}</var>
</assign>
<msg level="INFO" timestamp="20160926 00:34:42.602">${message} = None</msg>
<status endtime="20160926 00:34:42.603" starttime="20160926 00:34:42.593" status="PASS"></status>
</kw>
<kw library="BuiltIn" name="Log">
<doc>Logs the given message with the given level.</doc>
<arguments>
<arg>${message}</arg>
</arguments>
<msg level="INFO" timestamp="20160926 00:34:42.606">None</msg>
<status endtime="20160926 00:34:42.607" starttime="20160926 00:34:42.604" status="PASS"></status>
</kw>
<kw library="BuiltIn" name="Should Be Equal">
<doc>Fails if the given objects are unequal.</doc>
<arguments>
<arg>${message}</arg>
<arg>${None}</arg>
</arguments>
<status endtime="20160926 00:34:42.613" starttime="20160926 00:34:42.608" status="PASS"></status>
</kw>
<status endtime="20160926 00:34:42.614" starttime="20160926 00:34:42.589" status="PASS"></status>
</kw>
<kw name="Count clients">
<assign>
<var>${clients}</var>
</assign>
<kw library="client" name="Search Client">
<arguments>
<arg>${EMPTY}</arg>
</arguments>
<assign>
<var>${clients}</var>
</assign>
<msg level="INFO" timestamp="20160926 00:34:42.623">${clients} = [bo.edu.ucbcba.videoclub.model.Client@e8fb390, bo.edu.ucbcba.videoclub.model.Client@5cdf61d, bo.edu.ucbcba.videoclub.model.Client@4509414e]</msg>
<status endtime="20160926 00:34:42.624" starttime="20160926 00:34:42.617" status="PASS"></status>
</kw>
<kw library="BuiltIn" name="Get Length">
<doc>Returns and logs the length of the given item as an integer.</doc>
<arguments>
<arg>${clients}</arg>
</arguments>
<assign>
<var>${size}</var>
</assign>
<msg level="INFO" timestamp="20160926 00:34:42.627">Length is 3</msg>
<msg level="INFO" timestamp="20160926 00:34:42.629">${size} = 3</msg>
<status endtime="20160926 00:34:42.630" starttime="20160926 00:34:42.625" status="PASS"></status>
</kw>
<msg level="INFO" timestamp="20160926 00:34:42.632">${clients} = 3</msg>
<status endtime="20160926 00:34:42.633" starttime="20160926 00:34:42.615" status="PASS"></status>
</kw>
<kw library="client" name="Delete Client">
<arguments>
<arg>1299456746</arg>
</arguments>
<assign>
<var>${response}</var>
</assign>
<msg level="INFO" timestamp="20160926 00:34:42.668">${response} = 1</msg>
<status endtime="20160926 00:34:42.669" starttime="20160926 00:34:42.634" status="PASS"></status>
</kw>
<kw library="BuiltIn" name="Should Be Equal As Integers">
<doc>Fails if objects are unequal after converting them to integers.</doc>
<arguments>
<arg>${response}</arg>
<arg>1</arg>
</arguments>
<msg level="INFO" timestamp="20160926 00:34:42.673">Argument types are:
&lt;type 'int'&gt;
&lt;type 'unicode'&gt;</msg>
<status endtime="20160926 00:34:42.675" starttime="20160926 00:34:42.670" status="PASS"></status>
</kw>
<kw name="Count clients">
<assign>
<var>${clients_new}</var>
</assign>
<kw library="client" name="Search Client">
<arguments>
<arg>${EMPTY}</arg>
</arguments>
<assign>
<var>${clients}</var>
</assign>
<msg level="INFO" timestamp="20160926 00:34:42.685">${clients} = [bo.edu.ucbcba.videoclub.model.Client@66ce4b4, bo.edu.ucbcba.videoclub.model.Client@58df2864]</msg>
<status endtime="20160926 00:34:42.687" starttime="20160926 00:34:42.679" status="PASS"></status>
</kw>
<kw library="BuiltIn" name="Get Length">
<doc>Returns and logs the length of the given item as an integer.</doc>
<arguments>
<arg>${clients}</arg>
</arguments>
<assign>
<var>${size}</var>
</assign>
<msg level="INFO" timestamp="20160926 00:34:42.692">Length is 2</msg>
<msg level="INFO" timestamp="20160926 00:34:42.701">${size} = 2</msg>
<status endtime="20160926 00:34:42.703" starttime="20160926 00:34:42.688" status="PASS"></status>
</kw>
<msg level="INFO" timestamp="20160926 00:34:42.711">${clients_new} = 2</msg>
<status endtime="20160926 00:34:42.714" starttime="20160926 00:34:42.676" status="PASS"></status>
</kw>
<kw library="BuiltIn" name="Evaluate">
<doc>Evaluates the given expression in Python and returns the results.</doc>
<arguments>
<arg>$clients_new-$clients</arg>
</arguments>
<assign>
<var>${diff}</var>
</assign>
<msg level="INFO" timestamp="20160926 00:34:42.730">${diff} = -1</msg>
<status endtime="20160926 00:34:42.732" starttime="20160926 00:34:42.715" status="PASS"></status>
</kw>
<kw library="BuiltIn" name="Should Be Equal As Integers">
<doc>Fails if objects are unequal after converting them to integers.</doc>
<arguments>
<arg>${diff}</arg>
<arg>-1</arg>
</arguments>
<msg level="INFO" timestamp="20160926 00:34:42.735">Argument types are:
&lt;type 'int'&gt;
&lt;type 'unicode'&gt;</msg>
<status endtime="20160926 00:34:42.737" starttime="20160926 00:34:42.733" status="PASS"></status>
</kw>
<status critical="yes" endtime="20160926 00:34:42.745" starttime="20160926 00:34:42.585" status="PASS"></status>
</test>
<test name="Creating company with invalid name should fail" id="s1-s1-t14">
<kw name="Create company with invalid name">
<arguments>
<arg>hawkingsnowrickrobotclarkkenthor</arg>
<arg>${COMPANY NAME TOO LONG}</arg>
</arguments>
<kw library="BuiltIn" name="Run Keyword And Expect Error">
<doc>Runs the keyword and checks that the expected error occurred.</doc>
<arguments>
<arg>*</arg>
<arg>company.create</arg>
<arg>${name}</arg>
<arg>bolivia</arg>
</arguments>
<assign>
<var>${message}</var>
</assign>
<kw library="company" name="Create">
<arguments>
<arg>${name}</arg>
<arg>bolivia</arg>
</arguments>
<msg level="FAIL" timestamp="20160926 00:34:42.793">ValidationException: Validation error: Name is too long, must have less than 25 characters</msg>
<status endtime="20160926 00:34:42.794" starttime="20160926 00:34:42.769" status="FAIL"></status>
</kw>
<msg level="INFO" timestamp="20160926 00:34:42.796">${message} = ValidationException: Validation error: Name is too long, must have less than 25 characters</msg>
<status endtime="20160926 00:34:42.797" starttime="20160926 00:34:42.766" status="PASS"></status>
</kw>
<kw library="BuiltIn" name="Log">
<doc>Logs the given message with the given level.</doc>
<arguments>
<arg>${message}</arg>
</arguments>
<msg level="INFO" timestamp="20160926 00:34:42.805">ValidationException: Validation error: Name is too long, must have less than 25 characters</msg>
<status endtime="20160926 00:34:42.807" starttime="20160926 00:34:42.801" status="PASS"></status>
</kw>
<kw library="BuiltIn" name="Should Be Equal">
<doc>Fails if the given objects are unequal.</doc>
<arguments>
<arg>${message}</arg>
<arg>ValidationException: Validation error: ${error}</arg>
</arguments>
<status endtime="20160926 00:34:42.814" starttime="20160926 00:34:42.809" status="PASS"></status>
</kw>
<status endtime="20160926 00:34:42.818" starttime="20160926 00:34:42.755" status="PASS"></status>
</kw>
<status critical="yes" endtime="20160926 00:34:42.819" starttime="20160926 00:34:42.750" status="PASS"></status>
</test>
<test name="Creating company with invalid country should fail" id="s1-s1-t15">
<kw name="Create company with invalid country">
<arguments>
<arg>hawkingsnowrickrobotclarkkenthor</arg>
<arg>${COMPANY COUNTRY TOO LONG}</arg>
</arguments>
<kw library="BuiltIn" name="Run Keyword And Expect Error">
<doc>Runs the keyword and checks that the expected error occurred.</doc>
<arguments>
<arg>*</arg>
<arg>company.create</arg>
<arg>detodo.com</arg>
<arg>${country}</arg>
</arguments>
<assign>
<var>${message}</var>
</assign>
<kw library="company" name="Create">
<arguments>
<arg>detodo.com</arg>
<arg>${country}</arg>
</arguments>
<msg level="FAIL" timestamp="20160926 00:34:42.879">ValidationException: Validation error: Country is too long, must have less than 25 characters</msg>
<status endtime="20160926 00:34:42.881" starttime="20160926 00:34:42.850" status="FAIL"></status>
</kw>
<msg level="INFO" timestamp="20160926 00:34:42.882">${message} = ValidationException: Validation error: Country is too long, must have less than 25 characters</msg>
<status endtime="20160926 00:34:42.883" starttime="20160926 00:34:42.846" status="PASS"></status>
</kw>
<kw library="BuiltIn" name="Log">
<doc>Logs the given message with the given level.</doc>
<arguments>
<arg>${message}</arg>
</arguments>
<msg level="INFO" timestamp="20160926 00:34:42.886">ValidationException: Validation error: Country is too long, must have less than 25 characters</msg>
<status endtime="20160926 00:34:42.888" starttime="20160926 00:34:42.885" status="PASS"></status>
</kw>
<kw library="BuiltIn" name="Should Be Equal">
<doc>Fails if the given objects are unequal.</doc>
<arguments>
<arg>${message}</arg>
<arg>ValidationException: Validation error: ${error}</arg>
</arguments>
<status endtime="20160926 00:34:42.897" starttime="20160926 00:34:42.889" status="PASS"></status>
</kw>
<status endtime="20160926 00:34:42.898" starttime="20160926 00:34:42.840" status="PASS"></status>
</kw>
<status critical="yes" endtime="20160926 00:34:42.900" starttime="20160926 00:34:42.824" status="PASS"></status>
</test>
<test name="Creating company with blank first name should fail" id="s1-s1-t16">
<kw name="Create company with invalid name">
<arguments>
<arg>${BLANK COMPANY}</arg>
<arg>${COMPANY NAME BLANK}</arg>
</arguments>
<kw library="BuiltIn" name="Run Keyword And Expect Error">
<doc>Runs the keyword and checks that the expected error occurred.</doc>
<arguments>
<arg>*</arg>
<arg>company.create</arg>
<arg>${name}</arg>
<arg>bolivia</arg>
</arguments>
<assign>
<var>${message}</var>
</assign>
<kw library="company" name="Create">
<arguments>
<arg>${name}</arg>
<arg>bolivia</arg>
</arguments>
<msg level="FAIL" timestamp="20160926 00:34:42.936">ValidationException: Validation error: Name can't be blank</msg>
<status endtime="20160926 00:34:42.937" starttime="20160926 00:34:42.918" status="FAIL"></status>
</kw>
<msg level="INFO" timestamp="20160926 00:34:42.939">${message} = ValidationException: Validation error: Name can't be blank</msg>
<status endtime="20160926 00:34:42.939" starttime="20160926 00:34:42.915" status="PASS"></status>
</kw>
<kw library="BuiltIn" name="Log">
<doc>Logs the given message with the given level.</doc>
<arguments>
<arg>${message}</arg>
</arguments>
<msg level="INFO" timestamp="20160926 00:34:42.955">ValidationException: Validation error: Name can't be blank</msg>
<status endtime="20160926 00:34:42.967" starttime="20160926 00:34:42.947" status="PASS"></status>
</kw>
<kw library="BuiltIn" name="Should Be Equal">
<doc>Fails if the given objects are unequal.</doc>
<arguments>
<arg>${message}</arg>
<arg>ValidationException: Validation error: ${error}</arg>
</arguments>
<status endtime="20160926 00:34:42.983" starttime="20160926 00:34:42.968" status="PASS"></status>
</kw>
<status endtime="20160926 00:34:42.984" starttime="20160926 00:34:42.910" status="PASS"></status>
</kw>
<status critical="yes" endtime="20160926 00:34:42.985" starttime="20160926 00:34:42.905" status="PASS"></status>
</test>
<test name="Creating company already exist should fail" id="s1-s1-t17">
<kw name="Create company already exist">
<arguments>
<arg>detodo</arg>
<arg>colombia</arg>
</arguments>
<kw library="company" name="Create">
<arguments>
<arg>${name}</arg>
<arg>${country}</arg>
</arguments>
<status endtime="20160926 00:34:43.117" starttime="20160926 00:34:42.994" status="PASS"></status>
</kw>
<kw library="BuiltIn" name="Run Keyword And Expect Error">
<doc>Runs the keyword and checks that the expected error occurred.</doc>
<arguments>
<arg>*</arg>
<arg>company.create</arg>
<arg>${name}</arg>
<arg>${country}</arg>
</arguments>
<assign>
<var>${message}</var>
</assign>
<kw library="company" name="Create">
<arguments>
<arg>${name}</arg>
<arg>${country}</arg>
</arguments>
<msg level="FAIL" timestamp="20160926 00:34:43.140">ValidationException: Validation error: Company already exists</msg>
<status endtime="20160926 00:34:43.142" starttime="20160926 00:34:43.121" status="FAIL"></status>
</kw>
<msg level="INFO" timestamp="20160926 00:34:43.143">${message} = ValidationException: Validation error: Company already exists</msg>
<status endtime="20160926 00:34:43.143" starttime="20160926 00:34:43.118" status="PASS"></status>
</kw>
<kw library="BuiltIn" name="Log">
<doc>Logs the given message with the given level.</doc>
<arguments>
<arg>${message}</arg>
</arguments>
<msg level="INFO" timestamp="20160926 00:34:43.145">ValidationException: Validation error: Company already exists</msg>
<status endtime="20160926 00:34:43.146" starttime="20160926 00:34:43.144" status="PASS"></status>
</kw>
<kw library="BuiltIn" name="Should Be Equal">
<doc>Fails if the given objects are unequal.</doc>
<arguments>
<arg>${message}</arg>
<arg>ValidationException: Validation error: ${ALREADY COMPANY}</arg>
</arguments>
<status endtime="20160926 00:34:43.149" starttime="20160926 00:34:43.146" status="PASS"></status>
</kw>
<status endtime="20160926 00:34:43.150" starttime="20160926 00:34:42.991" status="PASS"></status>
</kw>
<status critical="yes" endtime="20160926 00:34:43.151" starttime="20160926 00:34:42.987" status="PASS"></status>
</test>
<test name="Creating user with invalid username should fail" id="s1-s1-t18">
<kw name="Create user with invalid username">
<arguments>
<arg>hawkingsnowrickrobotclarkkenthor</arg>
<arg>${USER NAME TOO LONG}</arg>
</arguments>
<kw library="BuiltIn" name="Run Keyword And Expect Error">
<doc>Runs the keyword and checks that the expected error occurred.</doc>
<arguments>
<arg>*</arg>
<arg>user.create</arg>
<arg>${name}</arg>
<arg>abc123456</arg>
<arg>2</arg>
</arguments>
<assign>
<var>${message}</var>
</assign>
<kw library="user" name="Create">
<arguments>
<arg>${name}</arg>
<arg>abc123456</arg>
<arg>2</arg>
</arguments>
<msg level="FAIL" timestamp="20160926 00:34:43.175">ValidationException: Validation error: Username is too long, must have less than 10 characters</msg>
<status endtime="20160926 00:34:43.175" starttime="20160926 00:34:43.162" status="FAIL"></status>
</kw>
<msg level="INFO" timestamp="20160926 00:34:43.176">${message} = ValidationException: Validation error: Username is too long, must have less than 10 characters</msg>
<status endtime="20160926 00:34:43.177" starttime="20160926 00:34:43.160" status="PASS"></status>
</kw>
<kw library="BuiltIn" name="Log">
<doc>Logs the given message with the given level.</doc>
<arguments>
<arg>${message}</arg>
</arguments>
<msg level="INFO" timestamp="20160926 00:34:43.179">ValidationException: Validation error: Username is too long, must have less than 10 characters</msg>
<status endtime="20160926 00:34:43.180" starttime="20160926 00:34:43.178" status="PASS"></status>
</kw>
<kw library="BuiltIn" name="Should Be Equal">
<doc>Fails if the given objects are unequal.</doc>
<arguments>
<arg>${message}</arg>
<arg>ValidationException: Validation error: ${error}</arg>
</arguments>
<status endtime="20160926 00:34:43.184" starttime="20160926 00:34:43.181" status="PASS"></status>
</kw>
<status endtime="20160926 00:34:43.185" starttime="20160926 00:34:43.155" status="PASS"></status>
</kw>
<kw name="Create user with invalid username">
<arguments>
<arg>jd</arg>
<arg>${USER NAME TOO SHORT}</arg>
</arguments>
<kw library="BuiltIn" name="Run Keyword And Expect Error">
<doc>Runs the keyword and checks that the expected error occurred.</doc>
<arguments>
<arg>*</arg>
<arg>user.create</arg>
<arg>${name}</arg>
<arg>abc123456</arg>
<arg>2</arg>
</arguments>
<assign>
<var>${message}</var>
</assign>
<kw library="user" name="Create">
<arguments>
<arg>${name}</arg>
<arg>abc123456</arg>
<arg>2</arg>
</arguments>
<msg level="FAIL" timestamp="20160926 00:34:43.204">ValidationException: Validation error: Username is too short, must have more than 4 characters</msg>
<status endtime="20160926 00:34:43.205" starttime="20160926 00:34:43.193" status="FAIL"></status>
</kw>
<msg level="INFO" timestamp="20160926 00:34:43.206">${message} = ValidationException: Validation error: Username is too short, must have more than 4 characters</msg>
<status endtime="20160926 00:34:43.207" starttime="20160926 00:34:43.190" status="PASS"></status>
</kw>
<kw library="BuiltIn" name="Log">
<doc>Logs the given message with the given level.</doc>
<arguments>
<arg>${message}</arg>
</arguments>
<msg level="INFO" timestamp="20160926 00:34:43.210">ValidationException: Validation error: Username is too short, must have more than 4 characters</msg>
<status endtime="20160926 00:34:43.211" starttime="20160926 00:34:43.208" status="PASS"></status>
</kw>
<kw library="BuiltIn" name="Should Be Equal">
<doc>Fails if the given objects are unequal.</doc>
<arguments>
<arg>${message}</arg>
<arg>ValidationException: Validation error: ${error}</arg>
</arguments>
<status endtime="20160926 00:34:43.214" starttime="20160926 00:34:43.211" status="PASS"></status>
</kw>
<status endtime="20160926 00:34:43.215" starttime="20160926 00:34:43.186" status="PASS"></status>
</kw>
<kw name="Create user with invalid username">
<arguments>
<arg>1234567</arg>
<arg>${USER NAME ONLY NUMBERS}</arg>
</arguments>
<kw library="BuiltIn" name="Run Keyword And Expect Error">
<doc>Runs the keyword and checks that the expected error occurred.</doc>
<arguments>
<arg>*</arg>
<arg>user.create</arg>
<arg>${name}</arg>
<arg>abc123456</arg>
<arg>2</arg>
</arguments>
<assign>
<var>${message}</var>
</assign>
<kw library="user" name="Create">
<arguments>
<arg>${name}</arg>
<arg>abc123456</arg>
<arg>2</arg>
</arguments>
<msg level="FAIL" timestamp="20160926 00:34:43.226">ValidationException: Validation error: Username can't be only a number, must have letters</msg>
<status endtime="20160926 00:34:43.227" starttime="20160926 00:34:43.218" status="FAIL"></status>
</kw>
<msg level="INFO" timestamp="20160926 00:34:43.228">${message} = ValidationException: Validation error: Username can't be only a number, must have letters</msg>
<status endtime="20160926 00:34:43.229" starttime="20160926 00:34:43.217" status="PASS"></status>
</kw>
<kw library="BuiltIn" name="Log">
<doc>Logs the given message with the given level.</doc>
<arguments>
<arg>${message}</arg>
</arguments>
<msg level="INFO" timestamp="20160926 00:34:43.231">ValidationException: Validation error: Username can't be only a number, must have letters</msg>
<status endtime="20160926 00:34:43.232" starttime="20160926 00:34:43.229" status="PASS"></status>
</kw>
<kw library="BuiltIn" name="Should Be Equal">
<doc>Fails if the given objects are unequal.</doc>
<arguments>
<arg>${message}</arg>
<arg>ValidationException: Validation error: ${error}</arg>
</arguments>
<status endtime="20160926 00:34:43.236" starttime="20160926 00:34:43.233" status="PASS"></status>
</kw>
<status endtime="20160926 00:34:43.237" starttime="20160926 00:34:43.215" status="PASS"></status>
</kw>
<kw name="Create user with invalid username">
<arguments>
<arg>${BLANK USER}</arg>
<arg>${USER NAME BLANK}</arg>
</arguments>
<kw library="BuiltIn" name="Run Keyword And Expect Error">
<doc>Runs the keyword and checks that the expected error occurred.</doc>
<arguments>
<arg>*</arg>
<arg>user.create</arg>
<arg>${name}</arg>
<arg>abc123456</arg>
<arg>2</arg>
</arguments>
<assign>
<var>${message}</var>
</assign>
<kw library="user" name="Create">
<arguments>
<arg>${name}</arg>
<arg>abc123456</arg>
<arg>2</arg>
</arguments>
<msg level="FAIL" timestamp="20160926 00:34:43.250">ValidationException: Validation error: Username can't be blank</msg>
<status endtime="20160926 00:34:43.252" starttime="20160926 00:34:43.244" status="FAIL"></status>
</kw>
<msg level="INFO" timestamp="20160926 00:34:43.253">${message} = ValidationException: Validation error: Username can't be blank</msg>
<status endtime="20160926 00:34:43.254" starttime="20160926 00:34:43.241" status="PASS"></status>
</kw>
<kw library="BuiltIn" name="Log">
<doc>Logs the given message with the given level.</doc>
<arguments>
<arg>${message}</arg>
</arguments>
<msg level="INFO" timestamp="20160926 00:34:43.255">ValidationException: Validation error: Username can't be blank</msg>
<status endtime="20160926 00:34:43.256" starttime="20160926 00:34:43.254" status="PASS"></status>
</kw>
<kw library="BuiltIn" name="Should Be Equal">
<doc>Fails if the given objects are unequal.</doc>
<arguments>
<arg>${message}</arg>
<arg>ValidationException: Validation error: ${error}</arg>
</arguments>
<status endtime="20160926 00:34:43.261" starttime="20160926 00:34:43.257" status="PASS"></status>
</kw>
<status endtime="20160926 00:34:43.262" starttime="20160926 00:34:43.238" status="PASS"></status>
</kw>
<status critical="yes" endtime="20160926 00:34:43.263" starttime="20160926 00:34:43.153" status="PASS"></status>
</test>
<test name="Creating user with invalid password should fail" id="s1-s1-t19">
<kw name="Create user with invalid password">
<arguments>
<arg>hawkingsnowrickrobotclarkkenthor</arg>
<arg>${USER PASSWORD TOO LONG}</arg>
</arguments>
<kw library="BuiltIn" name="Run Keyword And Expect Error">
<doc>Runs the keyword and checks that the expected error occurred.</doc>
<arguments>
<arg>*</arg>
<arg>user.create</arg>
<arg>jd123ab</arg>
<arg>${password}</arg>
<arg>2</arg>
</arguments>
<assign>
<var>${message}</var>
</assign>
<kw library="user" name="Create">
<arguments>
<arg>jd123ab</arg>
<arg>${password}</arg>
<arg>2</arg>
</arguments>
<msg level="FAIL" timestamp="20160926 00:34:43.286">ValidationException: Validation error: Password is too long, must have less than 25 characters</msg>
<status endtime="20160926 00:34:43.288" starttime="20160926 00:34:43.272" status="FAIL"></status>
</kw>
<msg level="INFO" timestamp="20160926 00:34:43.289">${message} = ValidationException: Validation error: Password is too long, must have less than 25 characters</msg>
<status endtime="20160926 00:34:43.290" starttime="20160926 00:34:43.269" status="PASS"></status>
</kw>
<kw library="BuiltIn" name="Log">
<doc>Logs the given message with the given level.</doc>
<arguments>
<arg>${message}</arg>
</arguments>
<msg level="INFO" timestamp="20160926 00:34:43.293">ValidationException: Validation error: Password is too long, must have less than 25 characters</msg>
<status endtime="20160926 00:34:43.294" starttime="20160926 00:34:43.291" status="PASS"></status>
</kw>
<kw library="BuiltIn" name="Should Be Equal">
<doc>Fails if the given objects are unequal.</doc>
<arguments>
<arg>${message}</arg>
<arg>ValidationException: Validation error: ${error}</arg>
</arguments>
<status endtime="20160926 00:34:43.297" starttime="20160926 00:34:43.295" status="PASS"></status>
</kw>
<status endtime="20160926 00:34:43.298" starttime="20160926 00:34:43.266" status="PASS"></status>
</kw>
<kw name="Create user with invalid password">
<arguments>
<arg>jd</arg>
<arg>${USER PASSWORD TOO SHORT}</arg>
</arguments>
<kw library="BuiltIn" name="Run Keyword And Expect Error">
<doc>Runs the keyword and checks that the expected error occurred.</doc>
<arguments>
<arg>*</arg>
<arg>user.create</arg>
<arg>jd123ab</arg>
<arg>${password}</arg>
<arg>2</arg>
</arguments>
<assign>
<var>${message}</var>
</assign>
<kw library="user" name="Create">
<arguments>
<arg>jd123ab</arg>
<arg>${password}</arg>
<arg>2</arg>
</arguments>
<msg level="FAIL" timestamp="20160926 00:34:43.313">ValidationException: Validation error: Password is too short, must have more than 6 characters</msg>
<status endtime="20160926 00:34:43.315" starttime="20160926 00:34:43.304" status="FAIL"></status>
</kw>
<msg level="INFO" timestamp="20160926 00:34:43.317">${message} = ValidationException: Validation error: Password is too short, must have more than 6 characters</msg>
<status endtime="20160926 00:34:43.317" starttime="20160926 00:34:43.302" status="PASS"></status>
</kw>
<kw library="BuiltIn" name="Log">
<doc>Logs the given message with the given level.</doc>
<arguments>
<arg>${message}</arg>
</arguments>
<msg level="INFO" timestamp="20160926 00:34:43.320">ValidationException: Validation error: Password is too short, must have more than 6 characters</msg>
<status endtime="20160926 00:34:43.325" starttime="20160926 00:34:43.317" status="PASS"></status>
</kw>
<kw library="BuiltIn" name="Should Be Equal">
<doc>Fails if the given objects are unequal.</doc>
<arguments>
<arg>${message}</arg>
<arg>ValidationException: Validation error: ${error}</arg>
</arguments>
<status endtime="20160926 00:34:43.328" starttime="20160926 00:34:43.326" status="PASS"></status>
</kw>
<status endtime="20160926 00:34:43.328" starttime="20160926 00:34:43.299" status="PASS"></status>
</kw>
<kw name="Create user with invalid password">
<arguments>
<arg>1234567</arg>
<arg>${USER PASSWORD ONLY NUMBERS}</arg>
</arguments>
<kw library="BuiltIn" name="Run Keyword And Expect Error">
<doc>Runs the keyword and checks that the expected error occurred.</doc>
<arguments>
<arg>*</arg>
<arg>user.create</arg>
<arg>jd123ab</arg>
<arg>${password}</arg>
<arg>2</arg>
</arguments>
<assign>
<var>${message}</var>
</assign>
<kw library="user" name="Create">
<arguments>
<arg>jd123ab</arg>
<arg>${password}</arg>
<arg>2</arg>
</arguments>
<msg level="FAIL" timestamp="20160926 00:34:43.345">ValidationException: Validation error: Password can't be only a number, must have letters</msg>
<status endtime="20160926 00:34:43.356" starttime="20160926 00:34:43.333" status="FAIL"></status>
</kw>
<msg level="INFO" timestamp="20160926 00:34:43.359">${message} = ValidationException: Validation error: Password can't be only a number, must have letters</msg>
<status endtime="20160926 00:34:43.359" starttime="20160926 00:34:43.331" status="PASS"></status>
</kw>
<kw library="BuiltIn" name="Log">
<doc>Logs the given message with the given level.</doc>
<arguments>
<arg>${message}</arg>
</arguments>
<msg level="INFO" timestamp="20160926 00:34:43.363">ValidationException: Validation error: Password can't be only a number, must have letters</msg>
<status endtime="20160926 00:34:43.365" starttime="20160926 00:34:43.360" status="PASS"></status>
</kw>
<kw library="BuiltIn" name="Should Be Equal">
<doc>Fails if the given objects are unequal.</doc>
<arguments>
<arg>${message}</arg>
<arg>ValidationException: Validation error: ${error}</arg>
</arguments>
<status endtime="20160926 00:34:43.380" starttime="20160926 00:34:43.366" status="PASS"></status>
</kw>
<status endtime="20160926 00:34:43.382" starttime="20160926 00:34:43.329" status="PASS"></status>
</kw>
<kw name="Create user with invalid password">
<arguments>
<arg>helloworld</arg>
<arg>${USER PASSWORD ONLY LETTERS}</arg>
</arguments>
<kw library="BuiltIn" name="Run Keyword And Expect Error">
<doc>Runs the keyword and checks that the expected error occurred.</doc>
<arguments>
<arg>*</arg>
<arg>user.create</arg>
<arg>jd123ab</arg>
<arg>${password}</arg>
<arg>2</arg>
</arguments>
<assign>
<var>${message}</var>
</assign>
<kw library="user" name="Create">
<arguments>
<arg>jd123ab</arg>
<arg>${password}</arg>
<arg>2</arg>
</arguments>
<msg level="FAIL" timestamp="20160926 00:34:43.407">ValidationException: Validation error: Password can't be only a letters, must have numbers</msg>
<status endtime="20160926 00:34:43.410" starttime="20160926 00:34:43.389" status="FAIL"></status>
</kw>
<msg level="INFO" timestamp="20160926 00:34:43.412">${message} = ValidationException: Validation error: Password can't be only a letters, must have numbers</msg>
<status endtime="20160926 00:34:43.415" starttime="20160926 00:34:43.387" status="PASS"></status>
</kw>
<kw library="BuiltIn" name="Log">
<doc>Logs the given message with the given level.</doc>
<arguments>
<arg>${message}</arg>
</arguments>
<msg level="INFO" timestamp="20160926 00:34:43.420">ValidationException: Validation error: Password can't be only a letters, must have numbers</msg>
<status endtime="20160926 00:34:43.429" starttime="20160926 00:34:43.416" status="PASS"></status>
</kw>
<kw library="BuiltIn" name="Should Be Equal">
<doc>Fails if the given objects are unequal.</doc>
<arguments>
<arg>${message}</arg>
<arg>ValidationException: Validation error: ${error}</arg>
</arguments>
<status endtime="20160926 00:34:43.440" starttime="20160926 00:34:43.431" status="PASS"></status>
</kw>
<status endtime="20160926 00:34:43.449" starttime="20160926 00:34:43.383" status="PASS"></status>
</kw>
<kw name="Create user with invalid password">
<arguments>
<arg>${BLANK USER}</arg>
<arg>${USER PASSWORD BLANK}</arg>
</arguments>
<kw library="BuiltIn" name="Run Keyword And Expect Error">
<doc>Runs the keyword and checks that the expected error occurred.</doc>
<arguments>
<arg>*</arg>
<arg>user.create</arg>
<arg>jd123ab</arg>
<arg>${password}</arg>
<arg>2</arg>
</arguments>
<assign>
<var>${message}</var>
</assign>
<kw library="user" name="Create">
<arguments>
<arg>jd123ab</arg>
<arg>${password}</arg>
<arg>2</arg>
</arguments>
<msg level="FAIL" timestamp="20160926 00:34:43.538">ValidationException: Validation error: Password can't be blank</msg>
<status endtime="20160926 00:34:43.541" starttime="20160926 00:34:43.482" status="FAIL"></status>
</kw>
<msg level="INFO" timestamp="20160926 00:34:43.543">${message} = ValidationException: Validation error: Password can't be blank</msg>
<status endtime="20160926 00:34:43.544" starttime="20160926 00:34:43.469" status="PASS"></status>
</kw>
<kw library="BuiltIn" name="Log">
<doc>Logs the given message with the given level.</doc>
<arguments>
<arg>${message}</arg>
</arguments>
<msg level="INFO" timestamp="20160926 00:34:43.549">ValidationException: Validation error: Password can't be blank</msg>
<status endtime="20160926 00:34:43.550" starttime="20160926 00:34:43.545" status="PASS"></status>
</kw>
<kw library="BuiltIn" name="Should Be Equal">
<doc>Fails if the given objects are unequal.</doc>
<arguments>
<arg>${message}</arg>
<arg>ValidationException: Validation error: ${error}</arg>
</arguments>
<status endtime="20160926 00:34:43.559" starttime="20160926 00:34:43.551" status="PASS"></status>
</kw>
<status endtime="20160926 00:34:43.562" starttime="20160926 00:34:43.451" status="PASS"></status>
</kw>
<status critical="yes" endtime="20160926 00:34:43.571" starttime="20160926 00:34:43.264" status="PASS"></status>
</test>
<test name="Creating user already exist should fail" id="s1-s1-t20">
<kw name="Create user already exist">
<arguments>
<arg>ps123abc</arg>
<arg>ps123456</arg>
</arguments>
<kw library="user" name="Create">
<arguments>
<arg>${name}</arg>
<arg>${password}</arg>
<arg>2</arg>
</arguments>
<status endtime="20160926 00:34:43.634" starttime="20160926 00:34:43.588" status="PASS"></status>
</kw>
<kw library="BuiltIn" name="Run Keyword And Expect Error">
<doc>Runs the keyword and checks that the expected error occurred.</doc>
<arguments>
<arg>*</arg>
<arg>user.create</arg>
<arg>${name}</arg>
<arg>${password}</arg>
<arg>2</arg>
</arguments>
<assign>
<var>${message}</var>
</assign>
<kw library="user" name="Create">
<arguments>
<arg>${name}</arg>
<arg>${password}</arg>
<arg>2</arg>
</arguments>
<msg level="FAIL" timestamp="20160926 00:34:43.656">ValidationException: Validation error: Username already exist</msg>
<status endtime="20160926 00:34:43.657" starttime="20160926 00:34:43.640" status="FAIL"></status>
</kw>
<msg level="INFO" timestamp="20160926 00:34:43.659">${message} = ValidationException: Validation error: Username already exist</msg>
<status endtime="20160926 00:34:43.659" starttime="20160926 00:34:43.636" status="PASS"></status>
</kw>
<kw library="BuiltIn" name="Log">
<doc>Logs the given message with the given level.</doc>
<arguments>
<arg>${message}</arg>
</arguments>
<msg level="INFO" timestamp="20160926 00:34:43.662">ValidationException: Validation error: Username already exist</msg>
<status endtime="20160926 00:34:43.663" starttime="20160926 00:34:43.660" status="PASS"></status>
</kw>
<kw library="BuiltIn" name="Should Be Equal">
<doc>Fails if the given objects are unequal.</doc>
<arguments>
<arg>${message}</arg>
<arg>ValidationException: Validation error: ${ALREADY USER}</arg>
</arguments>
<status endtime="20160926 00:34:43.667" starttime="20160926 00:34:43.664" status="PASS"></status>
</kw>
<status endtime="20160926 00:34:43.669" starttime="20160926 00:34:43.586" status="PASS"></status>
</kw>
<status critical="yes" endtime="20160926 00:34:43.669" starttime="20160926 00:34:43.580" status="PASS"></status>
</test>
<test name="Delete non existent user" id="s1-s1-t21">
<kw library="user" name="Delete User">
<arguments>
<arg>jd12345</arg>
</arguments>
<assign>
<var>${response}</var>
</assign>
<msg level="INFO" timestamp="20160926 00:34:43.689">${response} = 2</msg>
<status endtime="20160926 00:34:43.689" starttime="20160926 00:34:43.676" status="PASS"></status>
</kw>
<kw library="BuiltIn" name="Should Be Equal As Integers">
<doc>Fails if objects are unequal after converting them to integers.</doc>
<arguments>
<arg>${response}</arg>
<arg>2</arg>
</arguments>
<msg level="INFO" timestamp="20160926 00:34:43.692">Argument types are:
&lt;type 'int'&gt;
&lt;type 'unicode'&gt;</msg>
<status endtime="20160926 00:34:43.694" starttime="20160926 00:34:43.690" status="PASS"></status>
</kw>
<status critical="yes" endtime="20160926 00:34:43.694" starttime="20160926 00:34:43.671" status="PASS"></status>
</test>
<test name="Delete existent user" id="s1-s1-t22">
<kw name="Create user">
<arguments>
<arg>jd4567467</arg>
<arg>juan12345</arg>
</arguments>
<kw library="user" name="Create">
<arguments>
<arg>${username}</arg>
<arg>${password}</arg>
<arg>2</arg>
</arguments>
<assign>
<var>${message}</var>
</assign>
<msg level="INFO" timestamp="20160926 00:34:43.710">${message} = None</msg>
<status endtime="20160926 00:34:43.710" starttime="20160926 00:34:43.701" status="PASS"></status>
</kw>
<kw library="BuiltIn" name="Log">
<doc>Logs the given message with the given level.</doc>
<arguments>
<arg>${message}</arg>
</arguments>
<msg level="INFO" timestamp="20160926 00:34:43.712">None</msg>
<status endtime="20160926 00:34:43.713" starttime="20160926 00:34:43.711" status="PASS"></status>
</kw>
<kw library="BuiltIn" name="Should Be Equal">
<doc>Fails if the given objects are unequal.</doc>
<arguments>
<arg>${message}</arg>
<arg>${None}</arg>
</arguments>
<status endtime="20160926 00:34:43.716" starttime="20160926 00:34:43.713" status="PASS"></status>
</kw>
<status endtime="20160926 00:34:43.716" starttime="20160926 00:34:43.699" status="PASS"></status>
</kw>
<kw name="Count users">
<assign>
<var>${users}</var>
</assign>
<kw library="user" name="Search User">
<arguments>
<arg>${EMPTY}</arg>
</arguments>
<assign>
<var>${users}</var>
</assign>
<msg level="INFO" timestamp="20160926 00:34:43.731">${users} = [bo.edu.ucbcba.videoclub.model.User@9124278, bo.edu.ucbcba.videoclub.model.User@524250ec]</msg>
<status endtime="20160926 00:34:43.732" starttime="20160926 00:34:43.719" status="PASS"></status>
</kw>
<kw library="BuiltIn" name="Get Length">
<doc>Returns and logs the length of the given item as an integer.</doc>
<arguments>
<arg>${users}</arg>
</arguments>
<assign>
<var>${size}</var>
</assign>
<msg level="INFO" timestamp="20160926 00:34:43.735">Length is 2</msg>
<msg level="INFO" timestamp="20160926 00:34:43.736">${size} = 2</msg>
<status endtime="20160926 00:34:43.737" starttime="20160926 00:34:43.733" status="PASS"></status>
</kw>
<msg level="INFO" timestamp="20160926 00:34:43.738">${users} = 2</msg>
<status endtime="20160926 00:34:43.739" starttime="20160926 00:34:43.717" status="PASS"></status>
</kw>
<kw library="user" name="Delete User">
<arguments>
<arg>jd4567467</arg>
</arguments>
<assign>
<var>${response}</var>
</assign>
<msg level="INFO" timestamp="20160926 00:34:43.754">${response} = 1</msg>
<status endtime="20160926 00:34:43.754" starttime="20160926 00:34:43.740" status="PASS"></status>
</kw>
<kw library="BuiltIn" name="Should Be Equal As Integers">
<doc>Fails if objects are unequal after converting them to integers.</doc>
<arguments>
<arg>${response}</arg>
<arg>1</arg>
</arguments>
<msg level="INFO" timestamp="20160926 00:34:43.757">Argument types are:
&lt;type 'int'&gt;
&lt;type 'unicode'&gt;</msg>
<status endtime="20160926 00:34:43.758" starttime="20160926 00:34:43.755" status="PASS"></status>
</kw>
<kw name="Count users">
<assign>
<var>${users_new}</var>
</assign>
<kw library="user" name="Search User">
<arguments>
<arg>${EMPTY}</arg>
</arguments>
<assign>
<var>${users}</var>
</assign>
<msg level="INFO" timestamp="20160926 00:34:43.766">${users} = [bo.edu.ucbcba.videoclub.model.User@7d8802cf]</msg>
<status endtime="20160926 00:34:43.767" starttime="20160926 00:34:43.761" status="PASS"></status>
</kw>
<kw library="BuiltIn" name="Get Length">
<doc>Returns and logs the length of the given item as an integer.</doc>
<arguments>
<arg>${users}</arg>
</arguments>
<assign>
<var>${size}</var>
</assign>
<msg level="INFO" timestamp="20160926 00:34:43.771">Length is 1</msg>
<msg level="INFO" timestamp="20160926 00:34:43.772">${size} = 1</msg>
<status endtime="20160926 00:34:43.773" starttime="20160926 00:34:43.768" status="PASS"></status>
</kw>
<msg level="INFO" timestamp="20160926 00:34:43.776">${users_new} = 1</msg>
<status endtime="20160926 00:34:43.776" starttime="20160926 00:34:43.759" status="PASS"></status>
</kw>
<kw library="BuiltIn" name="Evaluate">
<doc>Evaluates the given expression in Python and returns the results.</doc>
<arguments>
<arg>$users_new-$users</arg>
</arguments>
<assign>
<var>${diff}</var>
</assign>
<msg level="INFO" timestamp="20160926 00:34:43.792">${diff} = -1</msg>
<status endtime="20160926 00:34:43.792" starttime="20160926 00:34:43.777" status="PASS"></status>
</kw>
<kw library="BuiltIn" name="Should Be Equal As Integers">
<doc>Fails if objects are unequal after converting them to integers.</doc>
<arguments>
<arg>${diff}</arg>
<arg>-1</arg>
</arguments>
<msg level="INFO" timestamp="20160926 00:34:43.795">Argument types are:
&lt;type 'int'&gt;
&lt;type 'unicode'&gt;</msg>
<status endtime="20160926 00:34:43.796" starttime="20160926 00:34:43.793" status="PASS"></status>
</kw>
<status critical="yes" endtime="20160926 00:34:43.796" starttime="20160926 00:34:43.697" status="PASS"></status>
</test>
<status endtime="20160926 00:34:43.809" starttime="20160926 00:34:37.266" status="PASS"></status>
</suite>
<status endtime="20160926 00:34:43.852" starttime="20160926 00:34:36.885" status="PASS"></status>
</suite>
<statistics>
<total>
<stat pass="22" fail="0">Critical Tests</stat>
<stat pass="22" fail="0">All Tests</stat>
</total>
<tag>
</tag>
<suite>
<stat pass="22" fail="0" name="Robot Test" id="s1">Robot Test</stat>
<stat pass="22" fail="0" name="Client Test Cases" id="s1-s1">Robot Test.Client Test Cases</stat>
</suite>
</statistics>
<errors>
</errors>
</robot>
